\BOOKMARK [0][-]{chapter.1}{\376\377\0001\000\040\000M\000a\000i\000n\000\040\000P\000a\000g\000e}{}% 1
\BOOKMARK [0][-]{chapter.2}{\376\377\0002\000\040\000C\000l\000a\000s\000s\000\040\000I\000n\000d\000e\000x}{}% 2
\BOOKMARK [1][-]{section.2.1}{\376\377\0002\000.\0001\000\040\000C\000l\000a\000s\000s\000\040\000L\000i\000s\000t}{chapter.2}% 3
\BOOKMARK [0][-]{chapter.3}{\376\377\0003\000\040\000F\000i\000l\000e\000\040\000I\000n\000d\000e\000x}{}% 4
\BOOKMARK [1][-]{section.3.1}{\376\377\0003\000.\0001\000\040\000F\000i\000l\000e\000\040\000L\000i\000s\000t}{chapter.3}% 5
\BOOKMARK [0][-]{chapter.4}{\376\377\0004\000\040\000C\000l\000a\000s\000s\000\040\000D\000o\000c\000u\000m\000e\000n\000t\000a\000t\000i\000o\000n}{}% 6
\BOOKMARK [1][-]{section.4.1}{\376\377\0004\000.\0001\000\040\000T\000m\000r\000\040\000C\000l\000a\000s\000s\000\040\000R\000e\000f\000e\000r\000e\000n\000c\000e}{chapter.4}% 7
\BOOKMARK [2][-]{subsection.4.1.1}{\376\377\0004\000.\0001\000.\0001\000\040\000D\000e\000t\000a\000i\000l\000e\000d\000\040\000D\000e\000s\000c\000r\000i\000p\000t\000i\000o\000n}{section.4.1}% 8
\BOOKMARK [2][-]{subsection.4.1.2}{\376\377\0004\000.\0001\000.\0002\000\040\000M\000e\000m\000b\000e\000r\000\040\000D\000a\000t\000a\000\040\000D\000o\000c\000u\000m\000e\000n\000t\000a\000t\000i\000o\000n}{section.4.1}% 9
\BOOKMARK [3][-]{subsubsection.4.1.2.1}{\376\377\0004\000.\0001\000.\0002\000.\0001\000\040\000d\000o\000n\000e}{subsection.4.1.2}% 10
\BOOKMARK [3][-]{subsubsection.4.1.2.2}{\376\377\0004\000.\0001\000.\0002\000.\0002\000\040\000h}{subsection.4.1.2}% 11
\BOOKMARK [3][-]{subsubsection.4.1.2.3}{\376\377\0004\000.\0001\000.\0002\000.\0003\000\040\000m}{subsection.4.1.2}% 12
\BOOKMARK [0][-]{chapter.5}{\376\377\0005\000\040\000F\000i\000l\000e\000\040\000D\000o\000c\000u\000m\000e\000n\000t\000a\000t\000i\000o\000n}{}% 13
\BOOKMARK [1][-]{section.5.1}{\376\377\0005\000.\0001\000\040\000A\000q\000a\000S\000e\000r\000v\000e\000r\000.\000i\000n\000o\000\040\000F\000i\000l\000e\000\040\000R\000e\000f\000e\000r\000e\000n\000c\000e}{chapter.5}% 14
\BOOKMARK [2][-]{subsection.5.1.1}{\376\377\0005\000.\0001\000.\0001\000\040\000M\000a\000c\000r\000o\000\040\000D\000e\000f\000i\000n\000i\000t\000i\000o\000n\000\040\000D\000o\000c\000u\000m\000e\000n\000t\000a\000t\000i\000o\000n}{section.5.1}% 15
\BOOKMARK [3][-]{subsubsection.5.1.1.1}{\376\377\0005\000.\0001\000.\0001\000.\0001\000\040\000B\000F\000S}{subsection.5.1.1}% 16
\BOOKMARK [2][-]{subsection.5.1.2}{\376\377\0005\000.\0001\000.\0002\000\040\000F\000u\000n\000c\000t\000i\000o\000n\000\040\000D\000o\000c\000u\000m\000e\000n\000t\000a\000t\000i\000o\000n}{section.5.1}% 17
\BOOKMARK [3][-]{subsubsection.5.1.2.1}{\376\377\0005\000.\0001\000.\0002\000.\0001\000\040\000l\000o\000o\000p}{subsection.5.1.2}% 18
\BOOKMARK [3][-]{subsubsection.5.1.2.2}{\376\377\0005\000.\0001\000.\0002\000.\0002\000\040\000s\000e\000r\000v\000e\000r}{subsection.5.1.2}% 19
\BOOKMARK [3][-]{subsubsection.5.1.2.3}{\376\377\0005\000.\0001\000.\0002\000.\0003\000\040\000s\000e\000t\000u\000p}{subsection.5.1.2}% 20
\BOOKMARK [2][-]{subsection.5.1.3}{\376\377\0005\000.\0001\000.\0003\000\040\000V\000a\000r\000i\000a\000b\000l\000e\000\040\000D\000o\000c\000u\000m\000e\000n\000t\000a\000t\000i\000o\000n}{section.5.1}% 21
\BOOKMARK [3][-]{subsubsection.5.1.3.1}{\376\377\0005\000.\0001\000.\0003\000.\0001\000\040\000g\000a\000t\000e\000w\000a\000y}{subsection.5.1.3}% 22
\BOOKMARK [3][-]{subsubsection.5.1.3.2}{\376\377\0005\000.\0001\000.\0003\000.\0002\000\040\000s\000u\000b\000n\000e\000t}{subsection.5.1.3}% 23
\BOOKMARK [1][-]{section.5.2}{\376\377\0005\000.\0002\000\040\000f\000e\000e\000d\000e\000r\000.\000c\000p\000p\000\040\000F\000i\000l\000e\000\040\000R\000e\000f\000e\000r\000e\000n\000c\000e}{chapter.5}% 24
\BOOKMARK [2][-]{subsection.5.2.1}{\376\377\0005\000.\0002\000.\0001\000\040\000F\000u\000n\000c\000t\000i\000o\000n\000\040\000D\000o\000c\000u\000m\000e\000n\000t\000a\000t\000i\000o\000n}{section.5.2}% 25
\BOOKMARK [3][-]{subsubsection.5.2.1.1}{\376\377\0005\000.\0002\000.\0001\000.\0001\000\040\000i\000n\000i\000t\000F\000e\000e\000d}{subsection.5.2.1}% 26
\BOOKMARK [3][-]{subsubsection.5.2.1.2}{\376\377\0005\000.\0002\000.\0001\000.\0002\000\040\000t\000u\000r\000n\000A\000r\000o\000u\000n\000d}{subsection.5.2.1}% 27
\BOOKMARK [1][-]{section.5.3}{\376\377\0005\000.\0003\000\040\000f\000e\000e\000d\000e\000r\000.\000h\000\040\000F\000i\000l\000e\000\040\000R\000e\000f\000e\000r\000e\000n\000c\000e}{chapter.5}% 28
\BOOKMARK [2][-]{subsection.5.3.1}{\376\377\0005\000.\0003\000.\0001\000\040\000M\000a\000c\000r\000o\000\040\000D\000e\000f\000i\000n\000i\000t\000i\000o\000n\000\040\000D\000o\000c\000u\000m\000e\000n\000t\000a\000t\000i\000o\000n}{section.5.3}% 29
\BOOKMARK [3][-]{subsubsection.5.3.1.1}{\376\377\0005\000.\0003\000.\0001\000.\0001\000\040\000d\000e\000l\000a\000y\000T\000i\000m\000e}{subsection.5.3.1}% 30
\BOOKMARK [3][-]{subsubsection.5.3.1.2}{\376\377\0005\000.\0003\000.\0001\000.\0002\000\040\000m\000o\000t\000o\000r\000P\000i\000n\0001}{subsection.5.3.1}% 31
\BOOKMARK [3][-]{subsubsection.5.3.1.3}{\376\377\0005\000.\0003\000.\0001\000.\0003\000\040\000m\000o\000t\000o\000r\000P\000i\000n\0002}{subsection.5.3.1}% 32
\BOOKMARK [3][-]{subsubsection.5.3.1.4}{\376\377\0005\000.\0003\000.\0001\000.\0004\000\040\000m\000o\000t\000o\000r\000P\000i\000n\0003}{subsection.5.3.1}% 33
\BOOKMARK [3][-]{subsubsection.5.3.1.5}{\376\377\0005\000.\0003\000.\0001\000.\0005\000\040\000m\000o\000t\000o\000r\000P\000i\000n\0004}{subsection.5.3.1}% 34
\BOOKMARK [2][-]{subsection.5.3.2}{\376\377\0005\000.\0003\000.\0002\000\040\000F\000u\000n\000c\000t\000i\000o\000n\000\040\000D\000o\000c\000u\000m\000e\000n\000t\000a\000t\000i\000o\000n}{section.5.3}% 35
\BOOKMARK [3][-]{subsubsection.5.3.2.1}{\376\377\0005\000.\0003\000.\0002\000.\0001\000\040\000i\000n\000i\000t\000F\000e\000e\000d}{subsection.5.3.2}% 36
\BOOKMARK [3][-]{subsubsection.5.3.2.2}{\376\377\0005\000.\0003\000.\0002\000.\0002\000\040\000t\000u\000r\000n\000A\000r\000o\000u\000n\000d}{subsection.5.3.2}% 37
\BOOKMARK [1][-]{section.5.4}{\376\377\0005\000.\0004\000\040\000R\000E\000A\000D\000M\000E\000.\000m\000d\000\040\000F\000i\000l\000e\000\040\000R\000e\000f\000e\000r\000e\000n\000c\000e}{chapter.5}% 38
\BOOKMARK [1][-]{section.5.5}{\376\377\0005\000.\0005\000\040\000r\000e\000l\000a\000y\000.\000c\000p\000p\000\040\000F\000i\000l\000e\000\040\000R\000e\000f\000e\000r\000e\000n\000c\000e}{chapter.5}% 39
\BOOKMARK [2][-]{subsection.5.5.1}{\376\377\0005\000.\0005\000.\0001\000\040\000F\000u\000n\000c\000t\000i\000o\000n\000\040\000D\000o\000c\000u\000m\000e\000n\000t\000a\000t\000i\000o\000n}{section.5.5}% 40
\BOOKMARK [3][-]{subsubsection.5.5.1.1}{\376\377\0005\000.\0005\000.\0001\000.\0001\000\040\000i\000n\000i\000t\000R\000e\000l\000a\000y\000s}{subsection.5.5.1}% 41
\BOOKMARK [3][-]{subsubsection.5.5.1.2}{\376\377\0005\000.\0005\000.\0001\000.\0002\000\040\000s\000w\000i\000t\000c\000h\000O\000f\000f}{subsection.5.5.1}% 42
\BOOKMARK [3][-]{subsubsection.5.5.1.3}{\376\377\0005\000.\0005\000.\0001\000.\0003\000\040\000s\000w\000i\000t\000c\000h\000O\000n}{subsection.5.5.1}% 43
\BOOKMARK [3][-]{subsubsection.5.5.1.4}{\376\377\0005\000.\0005\000.\0001\000.\0004\000\040\000s\000w\000i\000t\000c\000h\000R\000e\000l\000a\000y}{subsection.5.5.1}% 44
\BOOKMARK [3][-]{subsubsection.5.5.1.5}{\376\377\0005\000.\0005\000.\0001\000.\0005\000\040\000s\000w\000i\000t\000c\000h\000S\000e\000t}{subsection.5.5.1}% 45
\BOOKMARK [3][-]{subsubsection.5.5.1.6}{\376\377\0005\000.\0005\000.\0001\000.\0006\000\040\000s\000w\000i\000t\000c\000h\000S\000t\000a\000t\000e}{subsection.5.5.1}% 46
\BOOKMARK [2][-]{subsection.5.5.2}{\376\377\0005\000.\0005\000.\0002\000\040\000V\000a\000r\000i\000a\000b\000l\000e\000\040\000D\000o\000c\000u\000m\000e\000n\000t\000a\000t\000i\000o\000n}{section.5.5}% 47
\BOOKMARK [3][-]{subsubsection.5.5.2.1}{\376\377\0005\000.\0005\000.\0002\000.\0001\000\040\000r\000e\000l\000a\000y\000s\000\137\000s\000t\000a\000t\000s}{subsection.5.5.2}% 48
\BOOKMARK [1][-]{section.5.6}{\376\377\0005\000.\0006\000\040\000r\000e\000l\000a\000y\000.\000h\000\040\000F\000i\000l\000e\000\040\000R\000e\000f\000e\000r\000e\000n\000c\000e}{chapter.5}% 49
\BOOKMARK [2][-]{subsection.5.6.1}{\376\377\0005\000.\0006\000.\0001\000\040\000M\000a\000c\000r\000o\000\040\000D\000e\000f\000i\000n\000i\000t\000i\000o\000n\000\040\000D\000o\000c\000u\000m\000e\000n\000t\000a\000t\000i\000o\000n}{section.5.6}% 50
\BOOKMARK [3][-]{subsubsection.5.6.1.1}{\376\377\0005\000.\0006\000.\0001\000.\0001\000\040\000F\000I\000L\000T\000E\000R}{subsection.5.6.1}% 51
\BOOKMARK [3][-]{subsubsection.5.6.1.2}{\376\377\0005\000.\0006\000.\0001\000.\0002\000\040\000H\000E\000A\000T\000E\000R}{subsection.5.6.1}% 52
\BOOKMARK [3][-]{subsubsection.5.6.1.3}{\376\377\0005\000.\0006\000.\0001\000.\0003\000\040\000L\000I\000G\000H\000T\000S}{subsection.5.6.1}% 53
\BOOKMARK [3][-]{subsubsection.5.6.1.4}{\376\377\0005\000.\0006\000.\0001\000.\0004\000\040\000R\000E\000L\000A\000Y\000\137\000C\000N\000T}{subsection.5.6.1}% 54
\BOOKMARK [2][-]{subsection.5.6.2}{\376\377\0005\000.\0006\000.\0002\000\040\000F\000u\000n\000c\000t\000i\000o\000n\000\040\000D\000o\000c\000u\000m\000e\000n\000t\000a\000t\000i\000o\000n}{section.5.6}% 55
\BOOKMARK [3][-]{subsubsection.5.6.2.1}{\376\377\0005\000.\0006\000.\0002\000.\0001\000\040\000i\000n\000i\000t\000R\000e\000l\000a\000y\000s}{subsection.5.6.2}% 56
\BOOKMARK [3][-]{subsubsection.5.6.2.2}{\376\377\0005\000.\0006\000.\0002\000.\0002\000\040\000s\000w\000i\000t\000c\000h\000O\000f\000f}{subsection.5.6.2}% 57
\BOOKMARK [3][-]{subsubsection.5.6.2.3}{\376\377\0005\000.\0006\000.\0002\000.\0003\000\040\000s\000w\000i\000t\000c\000h\000O\000n}{subsection.5.6.2}% 58
\BOOKMARK [3][-]{subsubsection.5.6.2.4}{\376\377\0005\000.\0006\000.\0002\000.\0004\000\040\000s\000w\000i\000t\000c\000h\000R\000e\000l\000a\000y}{subsection.5.6.2}% 59
\BOOKMARK [3][-]{subsubsection.5.6.2.5}{\376\377\0005\000.\0006\000.\0002\000.\0005\000\040\000s\000w\000i\000t\000c\000h\000S\000e\000t}{subsection.5.6.2}% 60
\BOOKMARK [3][-]{subsubsection.5.6.2.6}{\376\377\0005\000.\0006\000.\0002\000.\0006\000\040\000s\000w\000i\000t\000c\000h\000S\000t\000a\000t\000e}{subsection.5.6.2}% 61
\BOOKMARK [1][-]{section.5.7}{\376\377\0005\000.\0007\000\040\000s\000u\000r\000f\000.\000c\000p\000p\000\040\000F\000i\000l\000e\000\040\000R\000e\000f\000e\000r\000e\000n\000c\000e}{chapter.5}% 62
\BOOKMARK [2][-]{subsection.5.7.1}{\376\377\0005\000.\0007\000.\0001\000\040\000F\000u\000n\000c\000t\000i\000o\000n\000\040\000D\000o\000c\000u\000m\000e\000n\000t\000a\000t\000i\000o\000n}{section.5.7}% 63
\BOOKMARK [3][-]{subsubsection.5.7.1.1}{\376\377\0005\000.\0007\000.\0001\000.\0001\000\040\000g\000e\000t\000S\000u\000r\000f\000a\000c\000e}{subsection.5.7.1}% 64
\BOOKMARK [3][-]{subsubsection.5.7.1.2}{\376\377\0005\000.\0007\000.\0001\000.\0002\000\040\000i\000n\000i\000t\000S\000u\000r\000f\000a\000c\000e}{subsection.5.7.1}% 65
\BOOKMARK [1][-]{section.5.8}{\376\377\0005\000.\0008\000\040\000s\000u\000r\000f\000.\000h\000\040\000F\000i\000l\000e\000\040\000R\000e\000f\000e\000r\000e\000n\000c\000e}{chapter.5}% 66
\BOOKMARK [2][-]{subsection.5.8.1}{\376\377\0005\000.\0008\000.\0001\000\040\000M\000a\000c\000r\000o\000\040\000D\000e\000f\000i\000n\000i\000t\000i\000o\000n\000\040\000D\000o\000c\000u\000m\000e\000n\000t\000a\000t\000i\000o\000n}{section.5.8}% 67
\BOOKMARK [3][-]{subsubsection.5.8.1.1}{\376\377\0005\000.\0008\000.\0001\000.\0001\000\040\000S\000W\000I\000T\000C\000H\000\137\000S\000U\000R}{subsection.5.8.1}% 68
\BOOKMARK [2][-]{subsection.5.8.2}{\376\377\0005\000.\0008\000.\0002\000\040\000F\000u\000n\000c\000t\000i\000o\000n\000\040\000D\000o\000c\000u\000m\000e\000n\000t\000a\000t\000i\000o\000n}{section.5.8}% 69
\BOOKMARK [3][-]{subsubsection.5.8.2.1}{\376\377\0005\000.\0008\000.\0002\000.\0001\000\040\000g\000e\000t\000S\000u\000r\000f\000a\000c\000e}{subsection.5.8.2}% 70
\BOOKMARK [3][-]{subsubsection.5.8.2.2}{\376\377\0005\000.\0008\000.\0002\000.\0002\000\040\000i\000n\000i\000t\000S\000u\000r\000f\000a\000c\000e}{subsection.5.8.2}% 71
\BOOKMARK [1][-]{section.5.9}{\376\377\0005\000.\0009\000\040\000t\000e\000m\000p\000.\000c\000p\000p\000\040\000F\000i\000l\000e\000\040\000R\000e\000f\000e\000r\000e\000n\000c\000e}{chapter.5}% 72
\BOOKMARK [2][-]{subsection.5.9.1}{\376\377\0005\000.\0009\000.\0001\000\040\000F\000u\000n\000c\000t\000i\000o\000n\000\040\000D\000o\000c\000u\000m\000e\000n\000t\000a\000t\000i\000o\000n}{section.5.9}% 73
\BOOKMARK [3][-]{subsubsection.5.9.1.1}{\376\377\0005\000.\0009\000.\0001\000.\0001\000\040\000d\000s}{subsection.5.9.1}% 74
\BOOKMARK [3][-]{subsubsection.5.9.1.2}{\376\377\0005\000.\0009\000.\0001\000.\0002\000\040\000g\000e\000t\000T\000e\000m\000p}{subsection.5.9.1}% 75
\BOOKMARK [2][-]{subsection.5.9.2}{\376\377\0005\000.\0009\000.\0002\000\040\000V\000a\000r\000i\000a\000b\000l\000e\000\040\000D\000o\000c\000u\000m\000e\000n\000t\000a\000t\000i\000o\000n}{section.5.9}% 76
\BOOKMARK [3][-]{subsubsection.5.9.2.1}{\376\377\0005\000.\0009\000.\0002\000.\0001\000\040\000D\000S\0001\0008\000S\0002\0000\000\137\000P\000i\000n}{subsection.5.9.2}% 77
\BOOKMARK [1][-]{section.5.10}{\376\377\0005\000.\0001\0000\000\040\000t\000e\000m\000p\000.\000h\000\040\000F\000i\000l\000e\000\040\000R\000e\000f\000e\000r\000e\000n\000c\000e}{chapter.5}% 78
\BOOKMARK [2][-]{subsection.5.10.1}{\376\377\0005\000.\0001\0000\000.\0001\000\040\000F\000u\000n\000c\000t\000i\000o\000n\000\040\000D\000o\000c\000u\000m\000e\000n\000t\000a\000t\000i\000o\000n}{section.5.10}% 79
\BOOKMARK [3][-]{subsubsection.5.10.1.1}{\376\377\0005\000.\0001\0000\000.\0001\000.\0001\000\040\000g\000e\000t\000T\000e\000m\000p}{subsection.5.10.1}% 80
\BOOKMARK [1][-]{section.5.11}{\376\377\0005\000.\0001\0001\000\040\000t\000i\000m\000e\000n\000t\000.\000c\000p\000p\000\040\000F\000i\000l\000e\000\040\000R\000e\000f\000e\000r\000e\000n\000c\000e}{chapter.5}% 81
\BOOKMARK [2][-]{subsection.5.11.1}{\376\377\0005\000.\0001\0001\000.\0001\000\040\000M\000a\000c\000r\000o\000\040\000D\000e\000f\000i\000n\000i\000t\000i\000o\000n\000\040\000D\000o\000c\000u\000m\000e\000n\000t\000a\000t\000i\000o\000n}{section.5.11}% 82
\BOOKMARK [3][-]{subsubsection.5.11.1.1}{\376\377\0005\000.\0001\0001\000.\0001\000.\0001\000\040\000D\000S\0003\0002\0003\0001\000\137\000I\0002\000C\000\137\000A\000D\000D\000R\000E\000S\000S}{subsection.5.11.1}% 83
\BOOKMARK [2][-]{subsection.5.11.2}{\376\377\0005\000.\0001\0001\000.\0002\000\040\000F\000u\000n\000c\000t\000i\000o\000n\000\040\000D\000o\000c\000u\000m\000e\000n\000t\000a\000t\000i\000o\000n}{section.5.11}% 84
\BOOKMARK [3][-]{subsubsection.5.11.2.1}{\376\377\0005\000.\0001\0001\000.\0002\000.\0001\000\040\000b\000c\000d\000T\000o\000D\000e\000c}{subsection.5.11.2}% 85
\BOOKMARK [3][-]{subsubsection.5.11.2.2}{\376\377\0005\000.\0001\0001\000.\0002\000.\0002\000\040\000d\000e\000c\000T\000o\000B\000c\000d}{subsection.5.11.2}% 86
\BOOKMARK [3][-]{subsubsection.5.11.2.3}{\376\377\0005\000.\0001\0001\000.\0002\000.\0003\000\040\000d\000i\000s\000p\000l\000a\000y\000H\000t\000t\000p\000T\000i\000m\000e}{subsection.5.11.2}% 87
\BOOKMARK [3][-]{subsubsection.5.11.2.4}{\376\377\0005\000.\0001\0001\000.\0002\000.\0004\000\040\000d\000i\000s\000p\000l\000a\000y\000T\000i\000m\000e}{subsection.5.11.2}% 88
\BOOKMARK [3][-]{subsubsection.5.11.2.5}{\376\377\0005\000.\0001\0001\000.\0002\000.\0005\000\040\000i\000n\000i\000t\000T\000i\000m\000e\000n\000t}{subsection.5.11.2}% 89
\BOOKMARK [3][-]{subsubsection.5.11.2.6}{\376\377\0005\000.\0001\0001\000.\0002\000.\0006\000\040\000r\000e\000a\000d\000D\000S\0003\0002\0003\0001\000M\000i\000n\000u\000t\000e\000s\000H\000o\000u\000r\000e\000s}{subsection.5.11.2}% 90
\BOOKMARK [3][-]{subsubsection.5.11.2.7}{\376\377\0005\000.\0001\0001\000.\0002\000.\0007\000\040\000r\000e\000a\000d\000D\000S\0003\0002\0003\0001\000t\000i\000m\000e}{subsection.5.11.2}% 91
\BOOKMARK [3][-]{subsubsection.5.11.2.8}{\376\377\0005\000.\0001\0001\000.\0002\000.\0008\000\040\000s\000e\000n\000d\000N\000T\000P\000p\000a\000c\000k\000e\000t}{subsection.5.11.2}% 92
\BOOKMARK [3][-]{subsubsection.5.11.2.9}{\376\377\0005\000.\0001\0001\000.\0002\000.\0009\000\040\000s\000e\000t\000D\000S\0003\0002\0003\0001\000t\000i\000m\000e}{subsection.5.11.2}% 93
\BOOKMARK [3][-]{subsubsection.5.11.2.10}{\376\377\0005\000.\0001\0001\000.\0002\000.\0001\0000\000\040\000s\000e\000t\000T\000i\000m\000e}{subsection.5.11.2}% 94
\BOOKMARK [2][-]{subsection.5.11.3}{\376\377\0005\000.\0001\0001\000.\0003\000\040\000V\000a\000r\000i\000a\000b\000l\000e\000\040\000D\000o\000c\000u\000m\000e\000n\000t\000a\000t\000i\000o\000n}{section.5.11}% 95
\BOOKMARK [3][-]{subsubsection.5.11.3.1}{\376\377\0005\000.\0001\0001\000.\0003\000.\0001\000\040\000l\000o\000c\000a\000l\000P\000o\000r\000t}{subsection.5.11.3}% 96
\BOOKMARK [3][-]{subsubsection.5.11.3.2}{\376\377\0005\000.\0001\0001\000.\0003\000.\0002\000\040\000N\000T\000P\000\137\000P\000A\000C\000K\000E\000T\000\137\000S\000I\000Z\000E}{subsection.5.11.3}% 97
\BOOKMARK [3][-]{subsubsection.5.11.3.3}{\376\377\0005\000.\0001\0001\000.\0003\000.\0003\000\040\000p\000b}{subsection.5.11.3}% 98
\BOOKMARK [3][-]{subsubsection.5.11.3.4}{\376\377\0005\000.\0001\0001\000.\0003\000.\0004\000\040\000t\000i\000m\000e\000S\000e\000r\000v\000e\000r}{subsection.5.11.3}% 99
\BOOKMARK [3][-]{subsubsection.5.11.3.5}{\376\377\0005\000.\0001\0001\000.\0003\000.\0005\000\040\000U\000d\000p}{subsection.5.11.3}% 100
\BOOKMARK [1][-]{section.5.12}{\376\377\0005\000.\0001\0002\000\040\000t\000i\000m\000e\000n\000t\000.\000h\000\040\000F\000i\000l\000e\000\040\000R\000e\000f\000e\000r\000e\000n\000c\000e}{chapter.5}% 101
\BOOKMARK [2][-]{subsection.5.12.1}{\376\377\0005\000.\0001\0002\000.\0001\000\040\000F\000u\000n\000c\000t\000i\000o\000n\000\040\000D\000o\000c\000u\000m\000e\000n\000t\000a\000t\000i\000o\000n}{section.5.12}% 102
\BOOKMARK [3][-]{subsubsection.5.12.1.1}{\376\377\0005\000.\0001\0002\000.\0001\000.\0001\000\040\000b\000c\000d\000T\000o\000D\000e\000c}{subsection.5.12.1}% 103
\BOOKMARK [3][-]{subsubsection.5.12.1.2}{\376\377\0005\000.\0001\0002\000.\0001\000.\0002\000\040\000d\000e\000c\000T\000o\000B\000c\000d}{subsection.5.12.1}% 104
\BOOKMARK [3][-]{subsubsection.5.12.1.3}{\376\377\0005\000.\0001\0002\000.\0001\000.\0003\000\040\000d\000i\000s\000p\000l\000a\000y\000H\000t\000t\000p\000T\000i\000m\000e}{subsection.5.12.1}% 105
\BOOKMARK [3][-]{subsubsection.5.12.1.4}{\376\377\0005\000.\0001\0002\000.\0001\000.\0004\000\040\000d\000i\000s\000p\000l\000a\000y\000T\000i\000m\000e}{subsection.5.12.1}% 106
\BOOKMARK [3][-]{subsubsection.5.12.1.5}{\376\377\0005\000.\0001\0002\000.\0001\000.\0005\000\040\000i\000n\000i\000t\000T\000i\000m\000e\000n\000t}{subsection.5.12.1}% 107
\BOOKMARK [3][-]{subsubsection.5.12.1.6}{\376\377\0005\000.\0001\0002\000.\0001\000.\0006\000\040\000r\000e\000a\000d\000D\000S\0003\0002\0003\0001\000M\000i\000n\000u\000t\000e\000s\000H\000o\000u\000r\000e\000s}{subsection.5.12.1}% 108
\BOOKMARK [3][-]{subsubsection.5.12.1.7}{\376\377\0005\000.\0001\0002\000.\0001\000.\0007\000\040\000r\000e\000a\000d\000D\000S\0003\0002\0003\0001\000t\000i\000m\000e}{subsection.5.12.1}% 109
\BOOKMARK [3][-]{subsubsection.5.12.1.8}{\376\377\0005\000.\0001\0002\000.\0001\000.\0008\000\040\000s\000e\000n\000d\000N\000T\000P\000p\000a\000c\000k\000e\000t}{subsection.5.12.1}% 110
\BOOKMARK [3][-]{subsubsection.5.12.1.9}{\376\377\0005\000.\0001\0002\000.\0001\000.\0009\000\040\000s\000e\000t\000D\000S\0003\0002\0003\0001\000t\000i\000m\000e}{subsection.5.12.1}% 111
\BOOKMARK [3][-]{subsubsection.5.12.1.10}{\376\377\0005\000.\0001\0002\000.\0001\000.\0001\0000\000\040\000s\000e\000t\000T\000i\000m\000e}{subsection.5.12.1}% 112
\BOOKMARK [1][-]{section.5.13}{\376\377\0005\000.\0001\0003\000\040\000t\000i\000m\000e\000r\000s\000.\000c\000p\000p\000\040\000F\000i\000l\000e\000\040\000R\000e\000f\000e\000r\000e\000n\000c\000e}{chapter.5}% 113
\BOOKMARK [2][-]{subsection.5.13.1}{\376\377\0005\000.\0001\0003\000.\0001\000\040\000F\000u\000n\000c\000t\000i\000o\000n\000\040\000D\000o\000c\000u\000m\000e\000n\000t\000a\000t\000i\000o\000n}{section.5.13}% 114
\BOOKMARK [3][-]{subsubsection.5.13.1.1}{\376\377\0005\000.\0001\0003\000.\0001\000.\0001\000\040\000c\000h\000e\000c\000k\000T\000e\000m\000p}{subsection.5.13.1}% 115
\BOOKMARK [3][-]{subsubsection.5.13.1.2}{\376\377\0005\000.\0001\0003\000.\0001\000.\0002\000\040\000c\000h\000e\000c\000k\000T\000e\000m\000p\000F\000r\000M\000i\000n}{subsection.5.13.1}% 116
\BOOKMARK [3][-]{subsubsection.5.13.1.3}{\376\377\0005\000.\0001\0003\000.\0001\000.\0003\000\040\000d\000i\000s\000p\000l\000a\000y\000H\000t\000t\000p\000F\000e\000e\000d\000T\000i\000m\000e}{subsection.5.13.1}% 117
\BOOKMARK [3][-]{subsubsection.5.13.1.4}{\376\377\0005\000.\0001\0003\000.\0001\000.\0004\000\040\000d\000i\000s\000p\000l\000a\000y\000H\000t\000t\000p\000S\000l\000e\000e\000p\000T\000i\000m\000e}{subsection.5.13.1}% 118
\BOOKMARK [3][-]{subsubsection.5.13.1.5}{\376\377\0005\000.\0001\0003\000.\0001\000.\0005\000\040\000d\000i\000s\000p\000l\000a\000y\000H\000t\000t\000p\000W\000a\000k\000e\000T\000i\000m\000e}{subsection.5.13.1}% 119
\BOOKMARK [3][-]{subsubsection.5.13.1.6}{\376\377\0005\000.\0001\0003\000.\0001\000.\0006\000\040\000f\000e\000e\000d\000F\000i\000s\000h}{subsection.5.13.1}% 120
\BOOKMARK [3][-]{subsubsection.5.13.1.7}{\376\377\0005\000.\0001\0003\000.\0001\000.\0007\000\040\000g\000e\000t\000W\000i\000s\000h\000T\000e\000m\000p}{subsection.5.13.1}% 121
\BOOKMARK [3][-]{subsubsection.5.13.1.8}{\376\377\0005\000.\0001\0003\000.\0001\000.\0008\000\040\000r\000e\000a\000d\000K\000o\000n\000s\000t\000V\000a\000l}{subsection.5.13.1}% 122
\BOOKMARK [3][-]{subsubsection.5.13.1.9}{\376\377\0005\000.\0001\0003\000.\0001\000.\0009\000\040\000s\000e\000t\000E\000E\000T\000i\000m\000e}{subsection.5.13.1}% 123
\BOOKMARK [3][-]{subsubsection.5.13.1.10}{\376\377\0005\000.\0001\0003\000.\0001\000.\0001\0000\000\040\000s\000e\000t\000T\000e\000m\000p\000r}{subsection.5.13.1}% 124
\BOOKMARK [3][-]{subsubsection.5.13.1.11}{\376\377\0005\000.\0001\0003\000.\0001\000.\0001\0001\000\040\000s\000e\000t\000T\000i\000m\000e\000r\000s}{subsection.5.13.1}% 125
\BOOKMARK [3][-]{subsubsection.5.13.1.12}{\376\377\0005\000.\0001\0003\000.\0001\000.\0001\0002\000\040\000s\000e\000t\000u\000p\000T\000i\000m\000e\000s}{subsection.5.13.1}% 126
\BOOKMARK [2][-]{subsection.5.13.2}{\376\377\0005\000.\0001\0003\000.\0002\000\040\000V\000a\000r\000i\000a\000b\000l\000e\000\040\000D\000o\000c\000u\000m\000e\000n\000t\000a\000t\000i\000o\000n}{section.5.13}% 127
\BOOKMARK [3][-]{subsubsection.5.13.2.1}{\376\377\0005\000.\0001\0003\000.\0002\000.\0001\000\040\000c\000h\000e\000c\000k\000t\000e\000m\000p}{subsection.5.13.2}% 128
\BOOKMARK [3][-]{subsubsection.5.13.2.2}{\376\377\0005\000.\0001\0003\000.\0002\000.\0002\000\040\000e\000n\000d\000t}{subsection.5.13.2}% 129
\BOOKMARK [3][-]{subsubsection.5.13.2.3}{\376\377\0005\000.\0001\0003\000.\0002\000.\0003\000\040\000f\000e\000e\000d\000t}{subsection.5.13.2}% 130
\BOOKMARK [3][-]{subsubsection.5.13.2.4}{\376\377\0005\000.\0001\0003\000.\0002\000.\0004\000\040\000h\000o\000u\000r}{subsection.5.13.2}% 131
\BOOKMARK [3][-]{subsubsection.5.13.2.5}{\376\377\0005\000.\0001\0003\000.\0002\000.\0005\000\040\000m\000i\000n\000u\000t\000e}{subsection.5.13.2}% 132
\BOOKMARK [3][-]{subsubsection.5.13.2.6}{\376\377\0005\000.\0001\0003\000.\0002\000.\0006\000\040\000t\000a\000n\000k\000T\000m\000p\000r}{subsection.5.13.2}% 133
\BOOKMARK [3][-]{subsubsection.5.13.2.7}{\376\377\0005\000.\0001\0003\000.\0002\000.\0007\000\040\000w\000a\000k\000e}{subsection.5.13.2}% 134
\BOOKMARK [1][-]{section.5.14}{\376\377\0005\000.\0001\0004\000\040\000t\000i\000m\000e\000r\000s\000.\000h\000\040\000F\000i\000l\000e\000\040\000R\000e\000f\000e\000r\000e\000n\000c\000e}{chapter.5}% 135
\BOOKMARK [2][-]{subsection.5.14.1}{\376\377\0005\000.\0001\0004\000.\0001\000\040\000F\000u\000n\000c\000t\000i\000o\000n\000\040\000D\000o\000c\000u\000m\000e\000n\000t\000a\000t\000i\000o\000n}{section.5.14}% 136
\BOOKMARK [3][-]{subsubsection.5.14.1.1}{\376\377\0005\000.\0001\0004\000.\0001\000.\0001\000\040\000c\000h\000e\000c\000k\000T\000e\000m\000p}{subsection.5.14.1}% 137
\BOOKMARK [3][-]{subsubsection.5.14.1.2}{\376\377\0005\000.\0001\0004\000.\0001\000.\0002\000\040\000c\000h\000e\000c\000k\000T\000e\000m\000p\000F\000r\000M\000i\000n}{subsection.5.14.1}% 138
\BOOKMARK [3][-]{subsubsection.5.14.1.3}{\376\377\0005\000.\0001\0004\000.\0001\000.\0003\000\040\000d\000i\000s\000p\000l\000a\000y\000H\000t\000t\000p\000F\000e\000e\000d\000T\000i\000m\000e}{subsection.5.14.1}% 139
\BOOKMARK [3][-]{subsubsection.5.14.1.4}{\376\377\0005\000.\0001\0004\000.\0001\000.\0004\000\040\000d\000i\000s\000p\000l\000a\000y\000H\000t\000t\000p\000S\000l\000e\000e\000p\000T\000i\000m\000e}{subsection.5.14.1}% 140
\BOOKMARK [3][-]{subsubsection.5.14.1.5}{\376\377\0005\000.\0001\0004\000.\0001\000.\0005\000\040\000d\000i\000s\000p\000l\000a\000y\000H\000t\000t\000p\000W\000a\000k\000e\000T\000i\000m\000e}{subsection.5.14.1}% 141
\BOOKMARK [3][-]{subsubsection.5.14.1.6}{\376\377\0005\000.\0001\0004\000.\0001\000.\0006\000\040\000f\000e\000e\000d\000F\000i\000s\000h}{subsection.5.14.1}% 142
\BOOKMARK [3][-]{subsubsection.5.14.1.7}{\376\377\0005\000.\0001\0004\000.\0001\000.\0007\000\040\000g\000e\000t\000W\000i\000s\000h\000T\000e\000m\000p}{subsection.5.14.1}% 143
\BOOKMARK [3][-]{subsubsection.5.14.1.8}{\376\377\0005\000.\0001\0004\000.\0001\000.\0008\000\040\000r\000e\000a\000d\000K\000o\000n\000s\000t\000V\000a\000l}{subsection.5.14.1}% 144
\BOOKMARK [3][-]{subsubsection.5.14.1.9}{\376\377\0005\000.\0001\0004\000.\0001\000.\0009\000\040\000s\000e\000t\000E\000E\000T\000i\000m\000e}{subsection.5.14.1}% 145
\BOOKMARK [3][-]{subsubsection.5.14.1.10}{\376\377\0005\000.\0001\0004\000.\0001\000.\0001\0000\000\040\000s\000e\000t\000T\000e\000m\000p\000r}{subsection.5.14.1}% 146
\BOOKMARK [3][-]{subsubsection.5.14.1.11}{\376\377\0005\000.\0001\0004\000.\0001\000.\0001\0001\000\040\000s\000e\000t\000T\000i\000m\000e\000r\000s}{subsection.5.14.1}% 147
\BOOKMARK [3][-]{subsubsection.5.14.1.12}{\376\377\0005\000.\0001\0004\000.\0001\000.\0001\0002\000\040\000s\000e\000t\000u\000p\000T\000i\000m\000e\000s}{subsection.5.14.1}% 148
\BOOKMARK [0][-]{section*.28}{\376\377\000I\000n\000d\000e\000x}{}% 149
